#
# A fatal error has been detected by the Java Runtime Environment:
#
#  EXCEPTION_ACCESS_VIOLATION (0xc0000005) at pc=0x000001fc8933bf46, pid=10956, tid=20088
#
# JRE version: Java(TM) SE Runtime Environment (19.0+36) (build 19+36-2238)
# Java VM: Java HotSpot(TM) 64-Bit Server VM (19+36-2238, mixed mode, sharing, tiered, compressed oops, compressed class ptrs, g1 gc, windows-amd64)
# Problematic frame:
# J 463 c1 org.lwjgl.system.MemoryUtil.memPutAddress(JJ)V (29 bytes) @ 0x000001fc8933bf46 [0x000001fc8933be40+0x0000000000000106]
#
# No core dump will be written. Minidumps are not enabled by default on client versions of Windows
#
# If you would like to submit a bug report, please visit:
#   https://bugreport.java.com/bugreport/crash.jsp
#

---------------  S U M M A R Y ------------

Command Line: Mango.jar

Host: AMD Ryzen 9 5900HS with Radeon Graphics        , 16 cores, 23G,  Windows 10 , 64 bit Build 19041 (10.0.19041.2251)
Time: Wed Nov 23 18:42:17 2022 Central Standard Time elapsed time: 0.276804 seconds (0d 0h 0m 0s)

---------------  T H R E A D  ---------------

Current thread (0x000001fcffa8a630):  JavaThread "main" [_thread_in_Java, id=20088, stack(0x0000002d49800000,0x0000002d49900000)]

Stack: [0x0000002d49800000,0x0000002d49900000],  sp=0x0000002d498fe7b0,  free space=1017k
Native frames: (J=compiled Java code, j=interpreted, Vv=VM code, C=native code)
C  0x000001fc8933bf46


siginfo: EXCEPTION_ACCESS_VIOLATION (0xc0000005), writing address 0x0000000000000018


Registers:
RAX=0x000001fca9d09d38, RBX=0x000001fca9d09d38, RCX=0x000001fca9d89000, RDX=0x0000000000000018
RSP=0x0000002d498fe7b0, RBP=0x0000002d498fe8b0, RSI=0x0000000000000000, RDI=0x0000000000000eea
R8 =0x000001fcb1a75f60, R9 =0x00000006a01633a0, R10=0x00007ff92a6eedb0, R11=0x000001fc8933be40
R12=0x0000000000000000, R13=0x0000002d498fe848, R14=0x0000002d498fe8e8, R15=0x000001fcffa8a630
RIP=0x000001fc8933bf46, EFLAGS=0x0000000000010202


Register to memory mapping:

RIP=0x000001fc8933bf46 is at entry_point+262 in (nmethod*)0x000001fc8933bc90
Compiled method (c1)     280  463       3       org.lwjgl.system.MemoryUtil::memPutAddress (29 bytes)
 total in heap  [0x000001fc8933bc90,0x000001fc8933c0d0] = 1088
 relocation     [0x000001fc8933bdf0,0x000001fc8933be30] = 64
 main code      [0x000001fc8933be40,0x000001fc8933c000] = 448
 stub code      [0x000001fc8933c000,0x000001fc8933c038] = 56
 oops           [0x000001fc8933c038,0x000001fc8933c040] = 8
 metadata       [0x000001fc8933c040,0x000001fc8933c050] = 16
 scopes data    [0x000001fc8933c050,0x000001fc8933c088] = 56
 scopes pcs     [0x000001fc8933c088,0x000001fc8933c0c8] = 64
 dependencies   [0x000001fc8933c0c8,0x000001fc8933c0d0] = 8
RAX={method} {0x000001fca9d09d40} 'memPutAddress' '(JJ)V' in 'org/lwjgl/system/MemoryUtil'
RBX={method} {0x000001fca9d09d40} 'memPutAddress' '(JJ)V' in 'org/lwjgl/system/MemoryUtil'
RCX=0x000001fca9d89000 is pointing into metadata
RDX=0x0000000000000018 is an unknown value
RSP=0x0000002d498fe7b0 is pointing into the stack for thread: 0x000001fcffa8a630
RBP=0x0000002d498fe8b0 is pointing into the stack for thread: 0x000001fcffa8a630
RSI=0x0 is NULL
RDI=0x0000000000000eea is an unknown value
R8 =0x000001fcb1a75f60 points into unknown readable memory: 0x00007ff981ff9600 | 00 96 ff 81 f9 7f 00 00
R9 =0x00000006a01633a0 is an oop: java.lang.Class 
{0x00000006a01633a0} - klass: 'java/lang/Class'
 - ---- fields (total size 17 words):
 - private volatile transient 'classRedefinedCount' 'I' @12  0
 - abstract internal 'klass' 'J' @16  34376623536 (101a5b0 8)
 - abstract internal 'array_klass' 'J' @24  0 (0 0)
 - abstract internal 'oop_size' 'I' @32  17 (11)
 - abstract internal 'static_oop_field_count' 'I' @36  0
 - private volatile transient 'cachedConstructor' 'Ljava/lang/reflect/Constructor;' @40  NULL (0)
 - private transient 'name' 'Ljava/lang/String;' @44  "org.lwjgl.system.ThreadLocalUtil"{0x00000006a0163438} (d402c687)
 - private transient 'module' 'Ljava/lang/Module;' @48  a 'java/lang/Module'{0x00000006a085fc48} (d410bf89)
 - private final 'classLoader' 'Ljava/lang/ClassLoader;' @52  a 'jdk/internal/loader/ClassLoaders$AppClassLoader'{0x00000006a085fa88} (d410bf51)
 - private transient 'classData' 'Ljava/lang/Object;' @56  NULL (0)
 - private transient 'packageName' 'Ljava/lang/String;' @60  "org.lwjgl.system"{0x00000006a0be8588} (d417d0b1)
 - private final 'componentType' 'Ljava/lang/Class;' @64  NULL (0)
 - private volatile transient 'reflectionData' 'Ljava/lang/ref/SoftReference;' @68  NULL (0)
 - private volatile transient 'genericInfo' 'Lsun/reflect/generics/repository/ClassRepository;' @72  NULL (0)
 - private volatile transient 'enumConstants' '[Ljava/lang/Object;' @76  NULL (0)
 - private volatile transient 'enumConstantDirectory' 'Ljava/util/Map;' @80  NULL (0)
 - private volatile transient 'annotationData' 'Ljava/lang/Class$AnnotationData;' @84  NULL (0)
 - private volatile transient 'annotationType' 'Lsun/reflect/annotation/AnnotationType;' @88  NULL (0)
 - transient 'classValueMap' 'Ljava/lang/ClassValue$ClassValueMap;' @92  NULL (0)
 - abstract internal 'protection_domain' 'Ljava/lang/Object;' @96  a 'java/security/ProtectionDomain'{0x00000006a0bbe4e8} (d4177c9d)
 - abstract internal 'signers_name' 'Ljava/lang/Object;' @100  NULL (0)
 - abstract internal 'source_file' 'Ljava/lang/Object;' @104  NULL (0)
 - signature: Lorg/lwjgl/system/ThreadLocalUtil;
 - ---- static fields (0):
 - private static final 'JNI_NATIVE_INTERFACE' 'J' @112  0 (0 0)
 - private static final 'JNI_NATIVE_INTERFACE_FUNCTION_COUNT' 'I' @128  234 (ea)
 - private static final 'FUNCTION_MISSING_ABORT' 'J' @120  140709604595200 (81ff9600 7ff9)
 - private static final 'CAPABILITIES_OFFSET' 'I' @132  24 (18)
R10=0x00007ff92a6eedb0 jvm.dll
R11=0x000001fc8933be40 is at entry_point+0 in (nmethod*)0x000001fc8933bc90
Compiled method (c1)     291  463       3       org.lwjgl.system.MemoryUtil::memPutAddress (29 bytes)
 total in heap  [0x000001fc8933bc90,0x000001fc8933c0d0] = 1088
 relocation     [0x000001fc8933bdf0,0x000001fc8933be30] = 64
 main code      [0x000001fc8933be40,0x000001fc8933c000] = 448
 stub code      [0x000001fc8933c000,0x000001fc8933c038] = 56
 oops           [0x000001fc8933c038,0x000001fc8933c040] = 8
 metadata       [0x000001fc8933c040,0x000001fc8933c050] = 16
 scopes data    [0x000001fc8933c050,0x000001fc8933c088] = 56
 scopes pcs     [0x000001fc8933c088,0x000001fc8933c0c8] = 64
 dependencies   [0x000001fc8933c0c8,0x000001fc8933c0d0] = 8
R12=0x0 is NULL
R13=0x0000002d498fe848 is pointing into the stack for thread: 0x000001fcffa8a630
R14=0x0000002d498fe8e8 is pointing into the stack for thread: 0x000001fcffa8a630
R15=0x000001fcffa8a630 is a thread


Top of Stack: (sp=0x0000002d498fe7b0)
0x0000002d498fe7b0:   0000000000000b94 0000000000000000
0x0000002d498fe7c0:   0000002d498fe7f0 0000000000000000
0x0000002d498fe7d0:   000000080003e838 0000000000000708
0x0000002d498fe7e0:   000001fca9d89000 000001fca98fea48
0x0000002d498fe7f0:   0000002d498fe8b0 000001fc89328b96
0x0000002d498fe800:   ffffffffffffffff 000000080003e838
0x0000002d498fe810:   000001fca9d89620 00000006a007ae68
0x0000002d498fe820:   000001fca9d09d38 0000000000000000
0x0000002d498fe830:   0000002d498fe8b0 000001fc9070b796
0x0000002d498fe840:   000001fc9070b796 000001fcb1a75f60
0x0000002d498fe850:   0000000000000000 0000000000000018
0x0000002d498fe860:   0000000000000000 0000002d498fe868
0x0000002d498fe870:   000001fca9d8ba1e 0000002d498fe8e8
0x0000002d498fe880:   000001fca9d89000 0000000000000000
0x0000002d498fe890:   00000006a01633a0 000001fca9d8ba78
0x0000002d498fe8a0:   0000002d498fe848 0000002d498fe8e8 

Instructions: (pc=0x000001fc8933bf46)
0x000001fc8933be46:   ff 55 48 81 ec 80 00 00 00 48 be 40 94 d8 a9 fc
0x000001fc8933be56:   01 00 00 8b be cc 00 00 00 83 c7 02 89 be cc 00
0x000001fc8933be66:   00 00 81 e7 fe 07 00 00 83 ff 00 0f 84 f9 00 00
0x000001fc8933be76:   00 48 be 40 94 d8 a9 fc 01 00 00 ff 86 20 01 00
0x000001fc8933be86:   00 48 be 40 94 d8 a9 fc 01 00 00 48 8d b6 68 01
0x000001fc8933be96:   00 00 48 bf 00 00 00 00 00 00 00 00 48 85 ff 75
0x000001fc8933bea6:   02 eb 4f 8b 7f 08 49 ba 00 00 00 00 08 00 00 00
0x000001fc8933beb6:   49 03 fa 48 33 7e 08 48 f7 c7 fc ff ff ff 74 32
0x000001fc8933bec6:   40 f6 c7 02 75 2c 48 81 7e 08 00 00 00 00 74 1e
0x000001fc8933bed6:   48 81 7e 08 01 00 00 00 74 14 48 33 7e 08 48 f7
0x000001fc8933bee6:   c7 fc ff ff ff 74 0b 48 83 4e 08 02 eb 04 48 89
0x000001fc8933bef6:   7e 08 48 be 08 60 08 a0 06 00 00 00 48 bf 40 94
0x000001fc8933bf06:   d8 a9 fc 01 00 00 48 83 87 30 01 00 00 01 48 be
0x000001fc8933bf16:   e0 60 90 a9 fc 01 00 00 8b be cc 00 00 00 83 c7
0x000001fc8933bf26:   02 89 be cc 00 00 00 81 e7 fe ff 1f 00 83 ff 00
0x000001fc8933bf36:   0f 84 55 00 00 00 48 be 00 00 00 00 00 00 00 00
0x000001fc8933bf46:   4c 89 04 16 48 be 40 94 d8 a9 fc 01 00 00 ff 86
0x000001fc8933bf56:   80 01 00 00 48 81 c4 80 00 00 00 5d 49 3b a7 78
0x000001fc8933bf66:   03 00 00 0f 87 40 00 00 00 c3 49 ba 38 9d d0 a9
0x000001fc8933bf76:   fc 01 00 00 4c 89 54 24 08 48 c7 04 24 ff ff ff
0x000001fc8933bf86:   ff e8 74 52 4c 07 e9 e6 fe ff ff 49 ba 18 b0 8e
0x000001fc8933bf96:   a9 fc 01 00 00 4c 89 54 24 08 48 c7 04 24 ff ff
0x000001fc8933bfa6:   ff ff e8 53 52 4c 07 eb 8d 49 ba 62 bf 33 89 fc
0x000001fc8933bfb6:   01 00 00 4d 89 97 90 03 00 00 e9 3b be 41 07 49
0x000001fc8933bfc6:   8b 87 20 04 00 00 49 c7 87 20 04 00 00 00 00 00
0x000001fc8933bfd6:   00 49 c7 87 28 04 00 00 00 00 00 00 48 81 c4 80
0x000001fc8933bfe6:   00 00 00 5d e9 91 00 43 07 f4 f4 f4 f4 f4 f4 f4
0x000001fc8933bff6:   f4 f4 f4 f4 f4 f4 f4 f4 f4 f4 e8 fb 18 4c 07 48
0x000001fc8933c006:   b9 38 49 45 2a f9 7f 00 00 48 83 e4 f0 49 ba 00
0x000001fc8933c016:   fe 10 2a f9 7f 00 00 41 ff d2 f4 49 ba 21 c0 33
0x000001fc8933c026:   89 fc 01 00 00 41 52 e9 6e b0 41 07 f4 f4 f4 f4
0x000001fc8933c036:   f4 f4 88 fa 85 a0 06 00 00 00 38 9d d0 a9 fc 01 


Stack slot to memory mapping:
stack at sp + 0 slots: 0x0000000000000b94 is an unknown value
stack at sp + 1 slots: 0x0 is NULL
stack at sp + 2 slots: 0x0000002d498fe7f0 is pointing into the stack for thread: 0x000001fcffa8a630
stack at sp + 3 slots: 0x0 is NULL
stack at sp + 4 slots: {method} {0x000000080003e840} 'toUnsignedLong' '(I)J' in 'java/lang/Integer'
stack at sp + 5 slots: 0x0000000000000708 is an unknown value
stack at sp + 6 slots: 0x000001fca9d89000 is pointing into metadata
stack at sp + 7 slots: 0x000001fca98fea48 is pointing into metadata


Compiled method (c1)     299  463       3       org.lwjgl.system.MemoryUtil::memPutAddress (29 bytes)
 total in heap  [0x000001fc8933bc90,0x000001fc8933c0d0] = 1088
 relocation     [0x000001fc8933bdf0,0x000001fc8933be30] = 64
 main code      [0x000001fc8933be40,0x000001fc8933c000] = 448
 stub code      [0x000001fc8933c000,0x000001fc8933c038] = 56
 oops           [0x000001fc8933c038,0x000001fc8933c040] = 8
 metadata       [0x000001fc8933c040,0x000001fc8933c050] = 16
 scopes data    [0x000001fc8933c050,0x000001fc8933c088] = 56
 scopes pcs     [0x000001fc8933c088,0x000001fc8933c0c8] = 64
 dependencies   [0x000001fc8933c0c8,0x000001fc8933c0d0] = 8

[Constant Pool (empty)]

[MachCode]
[Verified Entry Point]
  # {method} {0x000001fca9d09d40} 'memPutAddress' '(JJ)V' in 'org/lwjgl/system/MemoryUtil'
  # parm0:    rdx:rdx   = long
  # parm1:    r8:r8     = long
  #           [sp+0x90]  (sp of caller)
  0x000001fc8933be40: 8984 2400 | 90ff ff55 | 4881 ec80 

  0x000001fc8933be4c: ;   {metadata(method data for {method} {0x000001fca9d09d40} 'memPutAddress' '(JJ)V' in 'org/lwjgl/system/MemoryUtil')}
  0x000001fc8933be4c: 0000 0048 | be40 94d8 | a9fc 0100 | 008b becc | 0000 0083 | c702 89be | cc00 0000 | 81e7 fe07 
  0x000001fc8933be6c: 0000 83ff | 000f 84f9 

  0x000001fc8933be74: ;   {metadata(method data for {method} {0x000001fca9d09d40} 'memPutAddress' '(JJ)V' in 'org/lwjgl/system/MemoryUtil')}
  0x000001fc8933be74: 0000 0048 | be40 94d8 | a9fc 0100 | 00ff 8620 

  0x000001fc8933be84: ;   {metadata(method data for {method} {0x000001fca9d09d40} 'memPutAddress' '(JJ)V' in 'org/lwjgl/system/MemoryUtil')}
  0x000001fc8933be84: 0100 0048 | be40 94d8 | a9fc 0100 | 0048 8db6 | 6801 0000 

  0x000001fc8933be98: ;   {oop(NULL)}
  0x000001fc8933be98: 48bf 0000 | 0000 0000 | 0000 4885 | ff75 02eb | 4f8b 7f08 | 49ba 0000 | 0000 0800 | 0000 4903 
  0x000001fc8933beb8: fa48 337e | 0848 f7c7 | fcff ffff | 7432 40f6 | c702 752c | 4881 7e08 | 0000 0000 | 741e 4881 
  0x000001fc8933bed8: 7e08 0100 | 0000 7414 | 4833 7e08 | 48f7 c7fc | ffff ff74 | 0b48 834e | 0802 eb04 | 4889 7e08 
  0x000001fc8933bef8: ;   {oop(a 'sun/misc/Unsafe'{0x00000006a0086008})}
  0x000001fc8933bef8: 48be 0860 | 08a0 0600 

  0x000001fc8933bf00: ;   {metadata(method data for {method} {0x000001fca9d09d40} 'memPutAddress' '(JJ)V' in 'org/lwjgl/system/MemoryUtil')}
  0x000001fc8933bf00: 0000 48bf | 4094 d8a9 | fc01 0000 | 4883 8730 | 0100 0001 

  0x000001fc8933bf14: ;   {metadata(method data for {method} {0x000001fca98eb020} 'putLong' '(Ljava/lang/Object;JJ)V' in 'sun/misc/Unsafe')}
  0x000001fc8933bf14: 48be e060 | 90a9 fc01 | 0000 8bbe | cc00 0000 | 83c7 0289 | becc 0000 | 0081 e7fe | ff1f 0083 
  0x000001fc8933bf34: ff00 0f84 | 5500 0000 

  0x000001fc8933bf3c: ;   {oop(NULL)}
  0x000001fc8933bf3c: 48be 0000 | 0000 0000 | 0000 4c89 

  0x000001fc8933bf48: ;   {metadata(method data for {method} {0x000001fca9d09d40} 'memPutAddress' '(JJ)V' in 'org/lwjgl/system/MemoryUtil')}
  0x000001fc8933bf48: 0416 48be | 4094 d8a9 | fc01 0000 | ff86 8001 | 0000 4881 | c480 0000 

  0x000001fc8933bf60: ;   {poll_return}
  0x000001fc8933bf60: 005d 493b | a778 0300 | 000f 8740 | 0000 00c3 

  0x000001fc8933bf70: ;   {metadata({method} {0x000001fca9d09d40} 'memPutAddress' '(JJ)V' in 'org/lwjgl/system/MemoryUtil')}
  0x000001fc8933bf70: 49ba 389d | d0a9 fc01 | 0000 4c89 | 5424 0848 | c704 24ff 

  0x000001fc8933bf84: ;   {runtime_call counter_overflow Runtime1 stub}
  0x000001fc8933bf84: ffff ffe8 

  0x000001fc8933bf88: ; ImmutableOopMap {}
                      ;*synchronization entry
                      ; - org.lwjgl.system.MemoryUtil::memPutAddress@-1 (line 1921)
  0x000001fc8933bf88: 7452 4c07 | e9e6 feff 

  0x000001fc8933bf90: ;   {metadata({method} {0x000001fca98eb020} 'putLong' '(Ljava/lang/Object;JJ)V' in 'sun/misc/Unsafe')}
  0x000001fc8933bf90: ff49 ba18 | b08e a9fc | 0100 004c | 8954 2408 | 48c7 0424 | ffff ffff 

  0x000001fc8933bfa8: ;   {runtime_call counter_overflow Runtime1 stub}
  0x000001fc8933bfa8: e853 524c 

  0x000001fc8933bfac: ; ImmutableOopMap {}
                      ;*synchronization entry
                      ; - sun.misc.Unsafe::putLong@-1 (line 273)
                      ; - org.lwjgl.system.MemoryUtil::memPutAddress@12 (line 1922)
                      ;   {internal_word}
  0x000001fc8933bfac: 07eb 8d49 | ba62 bf33 | 89fc 0100 | 004d 8997 | 9003 0000 

  0x000001fc8933bfc0: ;   {runtime_call SafepointBlob}
  0x000001fc8933bfc0: e93b be41 | 0749 8b87 | 2004 0000 | 49c7 8720 | 0400 0000 | 0000 0049 | c787 2804 | 0000 0000 
  0x000001fc8933bfe0: 0000 4881 | c480 0000 

  0x000001fc8933bfe8: ;   {runtime_call unwind_exception Runtime1 stub}
  0x000001fc8933bfe8: 005d e991 | 0043 07f4 | f4f4 f4f4 | f4f4 f4f4 | f4f4 f4f4 | f4f4 f4f4 
[Exception Handler]
  0x000001fc8933c000: ;   {no_reloc}
  0x000001fc8933c000: e8fb 184c 

  0x000001fc8933c004: ;   {external_word}
  0x000001fc8933c004: 0748 b938 | 4945 2af9 | 7f00 0048 

  0x000001fc8933c010: ;   {runtime_call}
  0x000001fc8933c010: 83e4 f049 | ba00 fe10 | 2af9 7f00 | 0041 ffd2 

  0x000001fc8933c020: ;   {section_word}
  0x000001fc8933c020: f449 ba21 | c033 89fc | 0100 0041 

  0x000001fc8933c02c: ;   {runtime_call DeoptimizationBlob}
  0x000001fc8933c02c: 52e9 6eb0 | 4107 f4f4 | f4f4 f4f4 
[/MachCode]


---------------  P R O C E S S  ---------------

Threads class SMR info:
_java_thread_list=0x000001fcae35d390, length=14, elements={
0x000001fcffa8a630, 0x000001fca93097d0, 0x000001fca930a300, 0x000001fca93146d0,
0x000001fca9315000, 0x000001fca9319940, 0x000001fca933a280, 0x000001fca93403f0,
0x000001fca9342d70, 0x000001fca93436e0, 0x000001fcad9085a0, 0x000001fcad90ab30,
0x000001fcad9465a0, 0x000001fcad94b360
}

Java Threads: ( => current thread )
=>0x000001fcffa8a630 JavaThread "main" [_thread_in_Java, id=20088, stack(0x0000002d49800000,0x0000002d49900000)]
  0x000001fca93097d0 JavaThread "Reference Handler" daemon [_thread_blocked, id=21372, stack(0x0000002d49f00000,0x0000002d4a000000)]
  0x000001fca930a300 JavaThread "Finalizer" daemon [_thread_blocked, id=32468, stack(0x0000002d4a000000,0x0000002d4a100000)]
  0x000001fca93146d0 JavaThread "Signal Dispatcher" daemon [_thread_blocked, id=12536, stack(0x0000002d4a100000,0x0000002d4a200000)]
  0x000001fca9315000 JavaThread "Attach Listener" daemon [_thread_blocked, id=17888, stack(0x0000002d4a200000,0x0000002d4a300000)]
  0x000001fca9319940 JavaThread "Service Thread" daemon [_thread_blocked, id=29720, stack(0x0000002d4a300000,0x0000002d4a400000)]
  0x000001fca933a280 JavaThread "Monitor Deflation Thread" daemon [_thread_blocked, id=7800, stack(0x0000002d4a400000,0x0000002d4a500000)]
  0x000001fca93403f0 JavaThread "C2 CompilerThread0" daemon [_thread_blocked, id=11496, stack(0x0000002d4a500000,0x0000002d4a600000)]
  0x000001fca9342d70 JavaThread "C1 CompilerThread0" daemon [_thread_blocked, id=8876, stack(0x0000002d4a600000,0x0000002d4a700000)]
  0x000001fca93436e0 JavaThread "Sweeper thread" daemon [_thread_blocked, id=1448, stack(0x0000002d4a700000,0x0000002d4a800000)]
  0x000001fcad9085a0 JavaThread "C1 CompilerThread1" daemon [_thread_blocked, id=2276, stack(0x0000002d4a800000,0x0000002d4a900000)]
  0x000001fcad90ab30 JavaThread "C1 CompilerThread2" daemon [_thread_blocked, id=28576, stack(0x0000002d4a900000,0x0000002d4aa00000)]
  0x000001fcad9465a0 JavaThread "Notification Thread" daemon [_thread_blocked, id=34812, stack(0x0000002d4aa00000,0x0000002d4ab00000)]
  0x000001fcad94b360 JavaThread "Common-Cleaner" daemon [_thread_blocked, id=2788, stack(0x0000002d4ac00000,0x0000002d4ad00000)]

Other Threads:
  0x000001fca92eebf0 VMThread "VM Thread" [stack: 0x0000002d49e00000,0x0000002d49f00000] [id=7792]
  0x000001fcad94aaf0 WatcherThread "VM Periodic Task Thread" [stack: 0x0000002d4ab00000,0x0000002d4ac00000] [id=34040]
  0x000001fcffb17690 WorkerThread "GC Thread#0" [stack: 0x0000002d49900000,0x0000002d49a00000] [id=10084]
  0x000001fcffb26210 ConcurrentGCThread "G1 Main Marker" [stack: 0x0000002d49a00000,0x0000002d49b00000] [id=33848]
  0x000001fcffb28300 WorkerThread "G1 Conc#0" [stack: 0x0000002d49b00000,0x0000002d49c00000] [id=30728]
  0x000001fca91acd60 ConcurrentGCThread "G1 Refine#0" [stack: 0x0000002d49c00000,0x0000002d49d00000] [id=4928]
  0x000001fca91ad7b0 ConcurrentGCThread "G1 Service" [stack: 0x0000002d49d00000,0x0000002d49e00000] [id=1640]

Threads with active compile tasks:

VM state: not at safepoint (normal execution)

VM Mutex/Monitor currently owned by a thread: None

Heap address: 0x0000000689400000, size: 5996 MB, Compressed Oops mode: Zero based, Oop shift amount: 3

CDS archive(s) mapped at: [0x0000000800000000-0x0000000800c40000-0x0000000800c40000), size 12845056, SharedBaseAddress: 0x0000000800000000, ArchiveRelocationMode: 0.
Compressed class space mapped at: 0x0000000801000000-0x0000000841000000, reserved size: 1073741824
Narrow klass base: 0x0000000800000000, Narrow klass shift: 0, Narrow klass range: 0x100000000

GC Precious Log:
 CardTable entry size: 512
 Card Set container configuration: InlinePtr #cards 4 size 8 Array Of Cards #cards 16 size 48 Howl #buckets 8 coarsen threshold 7372 Howl Bitmap #cards 1024 size 144 coarsen threshold 921 Card regions per heap region 1 cards per card region 8192
 CPUs: 16 total, 16 available
 Memory: 23968M
 Large Page Support: Disabled
 NUMA Support: Disabled
 Compressed Oops: Enabled (Zero based)
 Heap Region Size: 4M
 Heap Min Capacity: 8M
 Heap Initial Capacity: 376M
 Heap Max Capacity: 5996M
 Pre-touch: Disabled
 Parallel Workers: 13
 Concurrent Workers: 3
 Concurrent Refinement Workers: 13
 Periodic GC: Disabled

Heap:
 garbage-first heap   total 385024K, used 4096K [0x0000000689400000, 0x0000000800000000)
  region size 4096K, 3 young (12288K), 0 survivors (0K)
 Metaspace       used 2803K, committed 2944K, reserved 1114112K
  class space    used 181K, committed 256K, reserved 1048576K

Heap Regions: E=young(eden), S=young(survivor), O=old, HS=humongous(starts), HC=humongous(continues), CS=collection set, F=free, OA=open archive, CA=closed archive, TAMS=top-at-mark-start (previous, next)
|   0|0x0000000689400000, 0x0000000689400000, 0x0000000689800000|  0%| F|  |TAMS 0x0000000689400000, 0x0000000689400000| Untracked 
|   1|0x0000000689800000, 0x0000000689800000, 0x0000000689c00000|  0%| F|  |TAMS 0x0000000689800000, 0x0000000689800000| Untracked 
|   2|0x0000000689c00000, 0x0000000689c00000, 0x000000068a000000|  0%| F|  |TAMS 0x0000000689c00000, 0x0000000689c00000| Untracked 
|   3|0x000000068a000000, 0x000000068a000000, 0x000000068a400000|  0%| F|  |TAMS 0x000000068a000000, 0x000000068a000000| Untracked 
|   4|0x000000068a400000, 0x000000068a400000, 0x000000068a800000|  0%| F|  |TAMS 0x000000068a400000, 0x000000068a400000| Untracked 
|   5|0x000000068a800000, 0x000000068a800000, 0x000000068ac00000|  0%| F|  |TAMS 0x000000068a800000, 0x000000068a800000| Untracked 
|   6|0x000000068ac00000, 0x000000068ac00000, 0x000000068b000000|  0%| F|  |TAMS 0x000000068ac00000, 0x000000068ac00000| Untracked 
|   7|0x000000068b000000, 0x000000068b000000, 0x000000068b400000|  0%| F|  |TAMS 0x000000068b000000, 0x000000068b000000| Untracked 
|   8|0x000000068b400000, 0x000000068b400000, 0x000000068b800000|  0%| F|  |TAMS 0x000000068b400000, 0x000000068b400000| Untracked 
|   9|0x000000068b800000, 0x000000068b800000, 0x000000068bc00000|  0%| F|  |TAMS 0x000000068b800000, 0x000000068b800000| Untracked 
|  10|0x000000068bc00000, 0x000000068bc00000, 0x000000068c000000|  0%| F|  |TAMS 0x000000068bc00000, 0x000000068bc00000| Untracked 
|  11|0x000000068c000000, 0x000000068c000000, 0x000000068c400000|  0%| F|  |TAMS 0x000000068c000000, 0x000000068c000000| Untracked 
|  12|0x000000068c400000, 0x000000068c400000, 0x000000068c800000|  0%| F|  |TAMS 0x000000068c400000, 0x000000068c400000| Untracked 
|  13|0x000000068c800000, 0x000000068c800000, 0x000000068cc00000|  0%| F|  |TAMS 0x000000068c800000, 0x000000068c800000| Untracked 
|  14|0x000000068cc00000, 0x000000068cc00000, 0x000000068d000000|  0%| F|  |TAMS 0x000000068cc00000, 0x000000068cc00000| Untracked 
|  15|0x000000068d000000, 0x000000068d000000, 0x000000068d400000|  0%| F|  |TAMS 0x000000068d000000, 0x000000068d000000| Untracked 
|  16|0x000000068d400000, 0x000000068d400000, 0x000000068d800000|  0%| F|  |TAMS 0x000000068d400000, 0x000000068d400000| Untracked 
|  17|0x000000068d800000, 0x000000068d800000, 0x000000068dc00000|  0%| F|  |TAMS 0x000000068d800000, 0x000000068d800000| Untracked 
|  18|0x000000068dc00000, 0x000000068dc00000, 0x000000068e000000|  0%| F|  |TAMS 0x000000068dc00000, 0x000000068dc00000| Untracked 
|  19|0x000000068e000000, 0x000000068e000000, 0x000000068e400000|  0%| F|  |TAMS 0x000000068e000000, 0x000000068e000000| Untracked 
|  20|0x000000068e400000, 0x000000068e400000, 0x000000068e800000|  0%| F|  |TAMS 0x000000068e400000, 0x000000068e400000| Untracked 
|  21|0x000000068e800000, 0x000000068e800000, 0x000000068ec00000|  0%| F|  |TAMS 0x000000068e800000, 0x000000068e800000| Untracked 
|  22|0x000000068ec00000, 0x000000068ec00000, 0x000000068f000000|  0%| F|  |TAMS 0x000000068ec00000, 0x000000068ec00000| Untracked 
|  23|0x000000068f000000, 0x000000068f000000, 0x000000068f400000|  0%| F|  |TAMS 0x000000068f000000, 0x000000068f000000| Untracked 
|  24|0x000000068f400000, 0x000000068f400000, 0x000000068f800000|  0%| F|  |TAMS 0x000000068f400000, 0x000000068f400000| Untracked 
|  25|0x000000068f800000, 0x000000068f800000, 0x000000068fc00000|  0%| F|  |TAMS 0x000000068f800000, 0x000000068f800000| Untracked 
|  26|0x000000068fc00000, 0x000000068fc00000, 0x0000000690000000|  0%| F|  |TAMS 0x000000068fc00000, 0x000000068fc00000| Untracked 
|  27|0x0000000690000000, 0x0000000690000000, 0x0000000690400000|  0%| F|  |TAMS 0x0000000690000000, 0x0000000690000000| Untracked 
|  28|0x0000000690400000, 0x0000000690400000, 0x0000000690800000|  0%| F|  |TAMS 0x0000000690400000, 0x0000000690400000| Untracked 
|  29|0x0000000690800000, 0x0000000690800000, 0x0000000690c00000|  0%| F|  |TAMS 0x0000000690800000, 0x0000000690800000| Untracked 
|  30|0x0000000690c00000, 0x0000000690c00000, 0x0000000691000000|  0%| F|  |TAMS 0x0000000690c00000, 0x0000000690c00000| Untracked 
|  31|0x0000000691000000, 0x0000000691000000, 0x0000000691400000|  0%| F|  |TAMS 0x0000000691000000, 0x0000000691000000| Untracked 
|  32|0x0000000691400000, 0x0000000691400000, 0x0000000691800000|  0%| F|  |TAMS 0x0000000691400000, 0x0000000691400000| Untracked 
|  33|0x0000000691800000, 0x0000000691800000, 0x0000000691c00000|  0%| F|  |TAMS 0x0000000691800000, 0x0000000691800000| Untracked 
|  34|0x0000000691c00000, 0x0000000691c00000, 0x0000000692000000|  0%| F|  |TAMS 0x0000000691c00000, 0x0000000691c00000| Untracked 
|  35|0x0000000692000000, 0x0000000692000000, 0x0000000692400000|  0%| F|  |TAMS 0x0000000692000000, 0x0000000692000000| Untracked 
|  36|0x0000000692400000, 0x0000000692400000, 0x0000000692800000|  0%| F|  |TAMS 0x0000000692400000, 0x0000000692400000| Untracked 
|  37|0x0000000692800000, 0x0000000692800000, 0x0000000692c00000|  0%| F|  |TAMS 0x0000000692800000, 0x0000000692800000| Untracked 
|  38|0x0000000692c00000, 0x0000000692c00000, 0x0000000693000000|  0%| F|  |TAMS 0x0000000692c00000, 0x0000000692c00000| Untracked 
|  39|0x0000000693000000, 0x0000000693000000, 0x0000000693400000|  0%| F|  |TAMS 0x0000000693000000, 0x0000000693000000| Untracked 
|  40|0x0000000693400000, 0x0000000693400000, 0x0000000693800000|  0%| F|  |TAMS 0x0000000693400000, 0x0000000693400000| Untracked 
|  41|0x0000000693800000, 0x0000000693800000, 0x0000000693c00000|  0%| F|  |TAMS 0x0000000693800000, 0x0000000693800000| Untracked 
|  42|0x0000000693c00000, 0x0000000693c00000, 0x0000000694000000|  0%| F|  |TAMS 0x0000000693c00000, 0x0000000693c00000| Untracked 
|  43|0x0000000694000000, 0x0000000694000000, 0x0000000694400000|  0%| F|  |TAMS 0x0000000694000000, 0x0000000694000000| Untracked 
|  44|0x0000000694400000, 0x0000000694400000, 0x0000000694800000|  0%| F|  |TAMS 0x0000000694400000, 0x0000000694400000| Untracked 
|  45|0x0000000694800000, 0x0000000694800000, 0x0000000694c00000|  0%| F|  |TAMS 0x0000000694800000, 0x0000000694800000| Untracked 
|  46|0x0000000694c00000, 0x0000000694c00000, 0x0000000695000000|  0%| F|  |TAMS 0x0000000694c00000, 0x0000000694c00000| Untracked 
|  47|0x0000000695000000, 0x0000000695000000, 0x0000000695400000|  0%| F|  |TAMS 0x0000000695000000, 0x0000000695000000| Untracked 
|  48|0x0000000695400000, 0x0000000695400000, 0x0000000695800000|  0%| F|  |TAMS 0x0000000695400000, 0x0000000695400000| Untracked 
|  49|0x0000000695800000, 0x0000000695800000, 0x0000000695c00000|  0%| F|  |TAMS 0x0000000695800000, 0x0000000695800000| Untracked 
|  50|0x0000000695c00000, 0x0000000695c00000, 0x0000000696000000|  0%| F|  |TAMS 0x0000000695c00000, 0x0000000695c00000| Untracked 
|  51|0x0000000696000000, 0x0000000696000000, 0x0000000696400000|  0%| F|  |TAMS 0x0000000696000000, 0x0000000696000000| Untracked 
|  52|0x0000000696400000, 0x0000000696400000, 0x0000000696800000|  0%| F|  |TAMS 0x0000000696400000, 0x0000000696400000| Untracked 
|  53|0x0000000696800000, 0x0000000696800000, 0x0000000696c00000|  0%| F|  |TAMS 0x0000000696800000, 0x0000000696800000| Untracked 
|  54|0x0000000696c00000, 0x0000000696c00000, 0x0000000697000000|  0%| F|  |TAMS 0x0000000696c00000, 0x0000000696c00000| Untracked 
|  55|0x0000000697000000, 0x0000000697000000, 0x0000000697400000|  0%| F|  |TAMS 0x0000000697000000, 0x0000000697000000| Untracked 
|  56|0x0000000697400000, 0x0000000697400000, 0x0000000697800000|  0%| F|  |TAMS 0x0000000697400000, 0x0000000697400000| Untracked 
|  57|0x0000000697800000, 0x0000000697800000, 0x0000000697c00000|  0%| F|  |TAMS 0x0000000697800000, 0x0000000697800000| Untracked 
|  58|0x0000000697c00000, 0x0000000697c00000, 0x0000000698000000|  0%| F|  |TAMS 0x0000000697c00000, 0x0000000697c00000| Untracked 
|  59|0x0000000698000000, 0x0000000698000000, 0x0000000698400000|  0%| F|  |TAMS 0x0000000698000000, 0x0000000698000000| Untracked 
|  60|0x0000000698400000, 0x0000000698400000, 0x0000000698800000|  0%| F|  |TAMS 0x0000000698400000, 0x0000000698400000| Untracked 
|  61|0x0000000698800000, 0x0000000698800000, 0x0000000698c00000|  0%| F|  |TAMS 0x0000000698800000, 0x0000000698800000| Untracked 
|  62|0x0000000698c00000, 0x0000000698c00000, 0x0000000699000000|  0%| F|  |TAMS 0x0000000698c00000, 0x0000000698c00000| Untracked 
|  63|0x0000000699000000, 0x0000000699000000, 0x0000000699400000|  0%| F|  |TAMS 0x0000000699000000, 0x0000000699000000| Untracked 
|  64|0x0000000699400000, 0x0000000699400000, 0x0000000699800000|  0%| F|  |TAMS 0x0000000699400000, 0x0000000699400000| Untracked 
|  65|0x0000000699800000, 0x0000000699800000, 0x0000000699c00000|  0%| F|  |TAMS 0x0000000699800000, 0x0000000699800000| Untracked 
|  66|0x0000000699c00000, 0x0000000699c00000, 0x000000069a000000|  0%| F|  |TAMS 0x0000000699c00000, 0x0000000699c00000| Untracked 
|  67|0x000000069a000000, 0x000000069a000000, 0x000000069a400000|  0%| F|  |TAMS 0x000000069a000000, 0x000000069a000000| Untracked 
|  68|0x000000069a400000, 0x000000069a400000, 0x000000069a800000|  0%| F|  |TAMS 0x000000069a400000, 0x000000069a400000| Untracked 
|  69|0x000000069a800000, 0x000000069a800000, 0x000000069ac00000|  0%| F|  |TAMS 0x000000069a800000, 0x000000069a800000| Untracked 
|  70|0x000000069ac00000, 0x000000069ac00000, 0x000000069b000000|  0%| F|  |TAMS 0x000000069ac00000, 0x000000069ac00000| Untracked 
|  71|0x000000069b000000, 0x000000069b000000, 0x000000069b400000|  0%| F|  |TAMS 0x000000069b000000, 0x000000069b000000| Untracked 
|  72|0x000000069b400000, 0x000000069b400000, 0x000000069b800000|  0%| F|  |TAMS 0x000000069b400000, 0x000000069b400000| Untracked 
|  73|0x000000069b800000, 0x000000069b800000, 0x000000069bc00000|  0%| F|  |TAMS 0x000000069b800000, 0x000000069b800000| Untracked 
|  74|0x000000069bc00000, 0x000000069bc00000, 0x000000069c000000|  0%| F|  |TAMS 0x000000069bc00000, 0x000000069bc00000| Untracked 
|  75|0x000000069c000000, 0x000000069c000000, 0x000000069c400000|  0%| F|  |TAMS 0x000000069c000000, 0x000000069c000000| Untracked 
|  76|0x000000069c400000, 0x000000069c400000, 0x000000069c800000|  0%| F|  |TAMS 0x000000069c400000, 0x000000069c400000| Untracked 
|  77|0x000000069c800000, 0x000000069c800000, 0x000000069cc00000|  0%| F|  |TAMS 0x000000069c800000, 0x000000069c800000| Untracked 
|  78|0x000000069cc00000, 0x000000069cc00000, 0x000000069d000000|  0%| F|  |TAMS 0x000000069cc00000, 0x000000069cc00000| Untracked 
|  79|0x000000069d000000, 0x000000069d000000, 0x000000069d400000|  0%| F|  |TAMS 0x000000069d000000, 0x000000069d000000| Untracked 
|  80|0x000000069d400000, 0x000000069d400000, 0x000000069d800000|  0%| F|  |TAMS 0x000000069d400000, 0x000000069d400000| Untracked 
|  81|0x000000069d800000, 0x000000069d800000, 0x000000069dc00000|  0%| F|  |TAMS 0x000000069d800000, 0x000000069d800000| Untracked 
|  82|0x000000069dc00000, 0x000000069dc00000, 0x000000069e000000|  0%| F|  |TAMS 0x000000069dc00000, 0x000000069dc00000| Untracked 
|  83|0x000000069e000000, 0x000000069e000000, 0x000000069e400000|  0%| F|  |TAMS 0x000000069e000000, 0x000000069e000000| Untracked 
|  84|0x000000069e400000, 0x000000069e400000, 0x000000069e800000|  0%| F|  |TAMS 0x000000069e400000, 0x000000069e400000| Untracked 
|  85|0x000000069e800000, 0x000000069e800000, 0x000000069ec00000|  0%| F|  |TAMS 0x000000069e800000, 0x000000069e800000| Untracked 
|  86|0x000000069ec00000, 0x000000069ec00000, 0x000000069f000000|  0%| F|  |TAMS 0x000000069ec00000, 0x000000069ec00000| Untracked 
|  87|0x000000069f000000, 0x000000069f000000, 0x000000069f400000|  0%| F|  |TAMS 0x000000069f000000, 0x000000069f000000| Untracked 
|  88|0x000000069f400000, 0x000000069f400000, 0x000000069f800000|  0%| F|  |TAMS 0x000000069f400000, 0x000000069f400000| Untracked 
|  89|0x000000069f800000, 0x000000069f800000, 0x000000069fc00000|  0%| F|  |TAMS 0x000000069f800000, 0x000000069f800000| Untracked 
|  90|0x000000069fc00000, 0x000000069fc00000, 0x00000006a0000000|  0%| F|  |TAMS 0x000000069fc00000, 0x000000069fc00000| Untracked 
|  91|0x00000006a0000000, 0x00000006a01a8ca0, 0x00000006a0400000| 41%| E|  |TAMS 0x00000006a0000000, 0x00000006a0000000| Complete 
|  92|0x00000006a0400000, 0x00000006a0800000, 0x00000006a0800000|100%| E|CS|TAMS 0x00000006a0400000, 0x00000006a0400000| Complete 
|  93|0x00000006a0800000, 0x00000006a0c00000, 0x00000006a0c00000|100%| E|  |TAMS 0x00000006a0800000, 0x00000006a0800000| Complete 

Card table byte_map: [0x000001fc99190000,0x000001fc99d50000] _byte_map_base: 0x000001fc95d46000

Marking Bits (Prev, Next): (CMBitMap*) 0x000001fcffb17bd0, (CMBitMap*) 0x000001fcffb17c10
 Prev Bits: [0x000001fc9a910000, 0x000001fca06c0000)
 Next Bits: [0x000001fca06c0000, 0x000001fca6470000)

Polling page: 0x000001fcfeaf0000

Metaspace:

Usage:
  Non-class:      2.56 MB used.
      Class:    181.09 KB used.
       Both:      2.74 MB used.

Virtual space:
  Non-class space:       64.00 MB reserved,       2.62 MB (  4%) committed,  1 nodes.
      Class space:        1.00 GB reserved,     256.00 KB ( <1%) committed,  1 nodes.
             Both:        1.06 GB reserved,       2.88 MB ( <1%) committed. 

Chunk freelists:
   Non-Class:  2.44 MB
       Class:  3.63 MB
        Both:  6.07 MB

MaxMetaspaceSize: unlimited
CompressedClassSpaceSize: 1.00 GB
Initial GC threshold: 21.00 MB
Current GC threshold: 21.00 MB
CDS: on
MetaspaceReclaimPolicy: balanced
 - commit_granule_bytes: 65536.
 - commit_granule_words: 8192.
 - virtual_space_node_default_size: 8388608.
 - enlarge_chunks_in_place: 1.
 - new_chunks_are_fully_committed: 0.
 - uncommit_free_chunks: 1.
 - use_allocation_guard: 0.


Internal statistics:

num_allocs_failed_limit: 0.
num_arena_births: 64.
num_arena_deaths: 0.
num_vsnodes_births: 2.
num_vsnodes_deaths: 0.
num_space_committed: 46.
num_space_uncommitted: 0.
num_chunks_returned_to_freelist: 0.
num_chunks_taken_from_freelist: 142.
num_chunk_merges: 0.
num_chunk_splits: 94.
num_chunks_enlarged: 71.
num_inconsistent_stats: 0.

CodeHeap 'non-profiled nmethods': size=119168Kb used=131Kb max_used=131Kb free=119037Kb
 bounds [0x000001fc90e40000, 0x000001fc910b0000, 0x000001fc982a0000]
CodeHeap 'profiled nmethods': size=119104Kb used=624Kb max_used=624Kb free=118479Kb
 bounds [0x000001fc892a0000, 0x000001fc89510000, 0x000001fc906f0000]
CodeHeap 'non-nmethods': size=7488Kb used=2759Kb max_used=2773Kb free=4728Kb
 bounds [0x000001fc906f0000, 0x000001fc909b0000, 0x000001fc90e40000]
 total_blobs=1432 nmethods=465 adapters=876
 compilation: enabled
              stopped_count=0, restarted_count=0
 full_count=0

Compilation events (20 events):
Event: 0.269 Thread 0x000001fcad9085a0 nmethod 455 0x000001fc89339590 code [0x000001fc89339740, 0x000001fc89339898]
Event: 0.269 Thread 0x000001fca9342d70 nmethod 454 0x000001fc89339990 code [0x000001fc89339b60, 0x000001fc89339eb8]
Event: 0.269 Thread 0x000001fca9342d70  456       3       java.lang.String::toLowerCase (8 bytes)
Event: 0.269 Thread 0x000001fcad9085a0  457       3       java.util.Locale::getDefault (4 bytes)
Event: 0.269 Thread 0x000001fcad90ab30  458       1       java.net.URL::getPort (5 bytes)
Event: 0.269 Thread 0x000001fca93403f0 nmethod 449 0x000001fc90e5f910 code [0x000001fc90e5fa80, 0x000001fc90e5fbb8]
Event: 0.269 Thread 0x000001fcad9085a0 nmethod 457 0x000001fc8933a010 code [0x000001fc8933a1a0, 0x000001fc8933a298]
Event: 0.269 Thread 0x000001fcad90ab30 nmethod 458 0x000001fc90e5fc10 code [0x000001fc90e5fda0, 0x000001fc90e5fe58]
Event: 0.269 Thread 0x000001fca93403f0  450       4       jdk.internal.misc.Unsafe::putReferenceRelease (9 bytes)
Event: 0.269 Thread 0x000001fcad90ab30  459       3       java.util.ArrayList::add (25 bytes)
Event: 0.269 Thread 0x000001fcad9085a0  460       3       java.util.ArrayList::add (23 bytes)
Event: 0.269 Thread 0x000001fca9342d70 nmethod 456 0x000001fc8933a310 code [0x000001fc8933a500, 0x000001fc8933a898]
Event: 0.269 Thread 0x000001fcad90ab30 nmethod 459 0x000001fc8933aa10 code [0x000001fc8933abe0, 0x000001fc8933b028]
Event: 0.269 Thread 0x000001fcad9085a0 nmethod 460 0x000001fc8933b210 code [0x000001fc8933b3e0, 0x000001fc8933b7a8]
Event: 0.269 Thread 0x000001fca93403f0 nmethod 450 0x000001fc90e5ff10 code [0x000001fc90e60080, 0x000001fc90e601b8]
Event: 0.270 Thread 0x000001fcad9085a0  462       3       sun.misc.Unsafe::putLong (11 bytes)
Event: 0.270 Thread 0x000001fcad90ab30  463       3       org.lwjgl.system.MemoryUtil::memPutAddress (29 bytes)
Event: 0.270 Thread 0x000001fca93403f0  464       4       java.lang.Integer::toUnsignedLong (7 bytes)
Event: 0.270 Thread 0x000001fcad9085a0 nmethod 462 0x000001fc8933b910 code [0x000001fc8933baa0, 0x000001fc8933bbb8]
Event: 0.270 Thread 0x000001fcad90ab30 nmethod 463 0x000001fc8933bc90 code [0x000001fc8933be40, 0x000001fc8933c038]

GC Heap History (0 events):
No events

Dll operation events (9 events):
Event: 0.003 Loaded shared library C:\Program Files\Java\jdk-19\bin\java.dll
Event: 0.009 Loaded shared library C:\Program Files\Java\jdk-19\bin\jsvml.dll
Event: 0.028 Loaded shared library C:\Program Files\Java\jdk-19\bin\net.dll
Event: 0.029 Loaded shared library C:\Program Files\Java\jdk-19\bin\nio.dll
Event: 0.036 Loaded shared library C:\Program Files\Java\jdk-19\bin\zip.dll
Event: 0.053 Loaded shared library C:\Program Files\Java\jdk-19\bin\verify.dll
Event: 0.094 Loaded shared library C:\Program Files\Java\jdk-19\bin\jimage.dll
Event: 0.112 Loaded shared library C:\Users\atomc\AppData\Local\Temp\lwjglatomc\3.3.1-SNAPSHOT\lwjgl.dll
Event: 0.265 Loaded shared library C:\Users\atomc\AppData\Local\Temp\lwjglatomc\3.3.1-SNAPSHOT\lwjgl_opengl.dll

Deoptimization events (0 events):
No events

Classes loaded (20 events):
Event: 0.119 Loading class java/nio/DirectCharBufferU
Event: 0.119 Loading class java/nio/DirectCharBufferU done
Event: 0.119 Loading class java/nio/DirectFloatBufferU
Event: 0.119 Loading class java/nio/DirectFloatBufferU done
Event: 0.119 Loading class java/nio/DirectDoubleBufferU
Event: 0.119 Loading class java/nio/DirectDoubleBufferU done
Event: 0.119 Loading class sun/misc/Unsafe
Event: 0.119 Loading class sun/misc/Unsafe done
Event: 0.119 Loading class java/lang/invoke/DirectMethodHandle$StaticAccessor
Event: 0.119 Loading class java/lang/invoke/DirectMethodHandle$StaticAccessor done
Event: 0.120 Loading class java/util/function/LongPredicate
Event: 0.120 Loading class java/util/function/LongPredicate done
Event: 0.121 Loading class java/lang/foreign/MemorySegment
Event: 0.122 Loading class java/lang/foreign/Addressable
Event: 0.122 Loading class java/lang/foreign/Addressable done
Event: 0.122 Loading class java/lang/foreign/MemorySegment done
Event: 0.124 Loading class java/nio/InvalidMarkException
Event: 0.124 Loading class java/nio/InvalidMarkException done
Event: 0.124 Loading class java/nio/BufferUnderflowException
Event: 0.125 Loading class java/nio/BufferUnderflowException done

Classes unloaded (0 events):
No events

Classes redefined (0 events):
No events

Internal exceptions (20 events):
Event: 0.115 Thread 0x000001fcffa8a630 Exception <a 'sun/nio/fs/WindowsException'{0x00000006a004cac0}> (0x00000006a004cac0) 
thrown [s\open\src\hotspot\share\prims\jni.cpp, line 517]
Event: 0.118 Thread 0x000001fcffa8a630 Exception <a 'java/lang/NoSuchMethodError'{0x00000006a007cd28}: 'java.lang.Object java.lang.invoke.DirectMethodHandle$Holder.invokeStaticInit(java.lang.Object)'> (0x00000006a007cd28) 
thrown [s\open\src\hotspot\share\interpreter\linkResolver.cpp, line 774]
Event: 0.121 Thread 0x000001fcffa8a630 Exception <a 'java/lang/NoSuchMethodError'{0x00000006a0099320}: 'int java.lang.invoke.DirectMethodHandle$Holder.invokeStaticInit(java.lang.Object, java.lang.Object, int, long)'> (0x00000006a0099320) 
thrown [s\open\src\hotspot\share\interpreter\linkResolver.cpp, line 774]
Event: 0.121 Thread 0x000001fcffa8a630 Exception <a 'java/lang/NoSuchMethodError'{0x00000006a009ebf0}: 'java.lang.Object java.lang.invoke.DirectMethodHandle$Holder.newInvokeSpecial(java.lang.Object, java.lang.Object, int)'> (0x00000006a009ebf0) 
thrown [s\open\src\hotspot\share\interpreter\linkResolver.cpp, line 774]
Event: 0.122 Thread 0x000001fcffa8a630 Exception <a 'java/lang/NoSuchMethodError'{0x00000006a00acf80}: 'int java.lang.invoke.DirectMethodHandle$Holder.invokeStaticInit(java.lang.Object, java.lang.Object, long, long)'> (0x00000006a00acf80) 
thrown [s\open\src\hotspot\share\interpreter\linkResolver.cpp, line 774]
Event: 0.123 Thread 0x000001fcffa8a630 Exception <a 'java/lang/NoSuchMethodError'{0x00000006a00b30d0}: 'java.lang.Object java.lang.invoke.DirectMethodHandle$Holder.newInvokeSpecial(java.lang.Object, java.lang.Object, long)'> (0x00000006a00b30d0) 
thrown [s\open\src\hotspot\share\interpreter\linkResolver.cpp, line 774]
Event: 0.123 Thread 0x000001fcffa8a630 Exception <a 'java/lang/NoSuchMethodError'{0x00000006a00b73e0}: 'java.lang.Object java.lang.invoke.Invokers$Holder.linkToTargetMethod(java.lang.Object, long, java.lang.Object)'> (0x00000006a00b73e0) 
thrown [s\open\src\hotspot\share\interpreter\linkResolver.cpp, line 774]
Event: 0.124 Thread 0x000001fcffa8a630 Exception <a 'java/lang/NoSuchMethodError'{0x00000006a00be968}: 'int java.lang.invoke.DirectMethodHandle$Holder.invokeStaticInit(java.lang.Object, java.lang.Object, java.lang.Object, long)'> (0x00000006a00be968) 
thrown [s\open\src\hotspot\share\interpreter\linkResolver.cpp, line 774]
Event: 0.260 Thread 0x000001fcffa8a630 Exception <a 'java/lang/NoSuchMethodError'{0x00000006a013b8a0}: 'void java.lang.System.load(java.lang.String, java.lang.Class)'> (0x00000006a013b8a0) 
thrown [s\open\src\hotspot\share\interpreter\linkResolver.cpp, line 774]
Event: 0.261 Thread 0x000001fcffa8a630 Exception <a 'java/lang/NoSuchMethodError'{0x00000006a013e6a8}: 'void java.lang.System.loadLibrary(java.lang.String, java.lang.Class)'> (0x00000006a013e6a8) 
thrown [s\open\src\hotspot\share\interpreter\linkResolver.cpp, line 774]
Event: 0.264 Thread 0x000001fcffa8a630 Exception <a 'sun/nio/fs/WindowsException'{0x00000006a0149710}> (0x00000006a0149710) 
thrown [s\open\src\hotspot\share\prims\jni.cpp, line 517]
Event: 0.264 Thread 0x000001fcffa8a630 Exception <a 'sun/nio/fs/WindowsException'{0x00000006a0149ac0}> (0x00000006a0149ac0) 
thrown [s\open\src\hotspot\share\prims\jni.cpp, line 517]
Event: 0.266 Thread 0x000001fcffa8a630 Exception <a 'sun/nio/fs/WindowsException'{0x00000006a014cc50}> (0x00000006a014cc50) 
thrown [s\open\src\hotspot\share\prims\jni.cpp, line 517]
Event: 0.266 Thread 0x000001fcffa8a630 Exception <a 'sun/nio/fs/WindowsException'{0x00000006a014cf38}> (0x00000006a014cf38) 
thrown [s\open\src\hotspot\share\prims\jni.cpp, line 517]
Event: 0.268 Thread 0x000001fcffa8a630 Exception <a 'java/lang/UnsatisfiedLinkError'{0x00000006a0159ad0}: 'int org.lwjgl.system.windows.WinBase.nGetModuleFileName(long, long, int)'> (0x00000006a0159ad0) 
thrown [s\open\src\hotspot\share\prims\nativeLookup.cpp, line 432]
Event: 0.268 Thread 0x000001fcffa8a630 Exception <a 'sun/nio/fs/WindowsException'{0x00000006a015b108}> (0x00000006a015b108) 
thrown [s\open\src\hotspot\share\prims\jni.cpp, line 517]
Event: 0.268 Thread 0x000001fcffa8a630 Exception <a 'sun/nio/fs/WindowsException'{0x00000006a015b348}> (0x00000006a015b348) 
thrown [s\open\src\hotspot\share\prims\jni.cpp, line 517]
Event: 0.268 Thread 0x000001fcffa8a630 Exception <a 'sun/nio/fs/WindowsException'{0x00000006a015bc08}> (0x00000006a015bc08) 
thrown [s\open\src\hotspot\share\prims\jni.cpp, line 517]
Event: 0.268 Thread 0x000001fcffa8a630 Exception <a 'sun/nio/fs/WindowsException'{0x00000006a015be18}> (0x00000006a015be18) 
thrown [s\open\src\hotspot\share\prims\jni.cpp, line 517]
Event: 0.270 Thread 0x000001fcffa8a630 Implicit null exception at 0x000001fc8933bf46 to 0x0000000000000000

VM Operations (4 events):
Event: 0.036 Executing VM operation: HandshakeAllThreads
Event: 0.036 Executing VM operation: HandshakeAllThreads done
Event: 0.087 Executing VM operation: HandshakeAllThreads
Event: 0.087 Executing VM operation: HandshakeAllThreads done

Events (16 events):
Event: 0.009 Thread 0x000001fcffa8a630 Thread added: 0x000001fcffa8a630
Event: 0.016 Thread 0x000001fca93097d0 Thread added: 0x000001fca93097d0
Event: 0.016 Thread 0x000001fca930a300 Thread added: 0x000001fca930a300
Event: 0.016 Thread 0x000001fca93146d0 Thread added: 0x000001fca93146d0
Event: 0.016 Thread 0x000001fca9315000 Thread added: 0x000001fca9315000
Event: 0.016 Thread 0x000001fca9319940 Thread added: 0x000001fca9319940
Event: 0.016 Thread 0x000001fca933a280 Thread added: 0x000001fca933a280
Event: 0.016 Thread 0x000001fca93403f0 Thread added: 0x000001fca93403f0
Event: 0.016 Thread 0x000001fca9342d70 Thread added: 0x000001fca9342d70
Event: 0.016 Thread 0x000001fca93436e0 Thread added: 0x000001fca93436e0
Event: 0.024 Thread 0x000001fcad9085a0 Thread added: 0x000001fcad9085a0
Event: 0.024 Thread 0x000001fcad90ab30 Thread added: 0x000001fcad90ab30
Event: 0.025 Thread 0x000001fcad9465a0 Thread added: 0x000001fcad9465a0
Event: 0.026 Thread 0x000001fcad94b360 Thread added: 0x000001fcad94b360
Event: 0.034 Thread 0x000001fcad9869d0 Thread added: 0x000001fcad9869d0
Event: 0.259 Thread 0x000001fcad9869d0 Thread exited: 0x000001fcad9869d0


Dynamic libraries:
0x00007ff6f1330000 - 0x00007ff6f1340000 	C:\Program Files\Java\jdk-19\bin\java.exe
0x00007ff9abcd0000 - 0x00007ff9abec8000 	C:\Windows\SYSTEM32\ntdll.dll
0x00007ff9ab8a0000 - 0x00007ff9ab95f000 	C:\Windows\System32\KERNEL32.DLL
0x00007ff9a93d0000 - 0x00007ff9a96a2000 	C:\Windows\System32\KERNELBASE.dll
0x00007ff9a9730000 - 0x00007ff9a9830000 	C:\Windows\System32\ucrtbase.dll
0x00007ff987380000 - 0x00007ff987398000 	C:\Program Files\Java\jdk-19\bin\jli.dll
0x00007ff984de0000 - 0x00007ff984dfb000 	C:\Program Files\Java\jdk-19\bin\VCRUNTIME140.dll
0x00007ff9aaf20000 - 0x00007ff9aafce000 	C:\Windows\System32\ADVAPI32.dll
0x00007ff9aae20000 - 0x00007ff9aaebe000 	C:\Windows\System32\msvcrt.dll
0x00007ff9a9d30000 - 0x00007ff9a9dcc000 	C:\Windows\System32\sechost.dll
0x00007ff9ab9c0000 - 0x00007ff9abae5000 	C:\Windows\System32\RPCRT4.dll
0x00007ff9abaf0000 - 0x00007ff9abc8d000 	C:\Windows\System32\USER32.dll
0x00007ff9a9b30000 - 0x00007ff9a9b52000 	C:\Windows\System32\win32u.dll
0x00007ff994af0000 - 0x00007ff994d8a000 	C:\Windows\WinSxS\amd64_microsoft.windows.common-controls_6595b64144ccf1df_6.0.19041.1110_none_60b5254171f9507e\COMCTL32.dll
0x00007ff9ab080000 - 0x00007ff9ab0ab000 	C:\Windows\System32\GDI32.dll
0x00007ff9a9990000 - 0x00007ff9a9a9f000 	C:\Windows\System32\gdi32full.dll
0x00007ff9a9b60000 - 0x00007ff9a9bfd000 	C:\Windows\System32\msvcp_win.dll
0x00007ff9a7370000 - 0x00007ff9a737a000 	C:\Windows\SYSTEM32\VERSION.dll
0x00007ff9aa510000 - 0x00007ff9aa542000 	C:\Windows\System32\IMM32.DLL
0x00007ff9896b0000 - 0x00007ff9896bc000 	C:\Program Files\Java\jdk-19\bin\vcruntime140_1.dll
0x00007ff981f20000 - 0x00007ff981fae000 	C:\Program Files\Java\jdk-19\bin\msvcp140.dll
0x00007ff929af0000 - 0x00007ff92a7b0000 	C:\Program Files\Java\jdk-19\bin\server\jvm.dll
0x00007ff971830000 - 0x00007ff971839000 	C:\Windows\SYSTEM32\WSOCK32.dll
0x00007ff9a6a70000 - 0x00007ff9a6a97000 	C:\Windows\SYSTEM32\WINMM.dll
0x00007ff9ab6b0000 - 0x00007ff9ab71b000 	C:\Windows\System32\WS2_32.dll
0x00007ff9a7c10000 - 0x00007ff9a7c22000 	C:\Windows\SYSTEM32\kernel.appcore.dll
0x00007ff987370000 - 0x00007ff98737a000 	C:\Program Files\Java\jdk-19\bin\jimage.dll
0x00007ff9a6650000 - 0x00007ff9a6834000 	C:\Windows\SYSTEM32\DBGHELP.DLL
0x00007ff9a6620000 - 0x00007ff9a664c000 	C:\Windows\SYSTEM32\dbgcore.DLL
0x00007ff9a9aa0000 - 0x00007ff9a9b22000 	C:\Windows\System32\bcryptPrimitives.dll
0x00007ff9834b0000 - 0x00007ff9834d6000 	C:\Program Files\Java\jdk-19\bin\java.dll
0x00007ff9811e0000 - 0x00007ff9812b7000 	C:\Program Files\Java\jdk-19\bin\jsvml.dll
0x00007ff9aa6c0000 - 0x00007ff9aae03000 	C:\Windows\System32\SHELL32.dll
0x00007ff9a7470000 - 0x00007ff9a7c02000 	C:\Windows\SYSTEM32\windows.storage.dll
0x00007ff9a9ff0000 - 0x00007ff9aa344000 	C:\Windows\System32\combase.dll
0x00007ff9a8e30000 - 0x00007ff9a8e60000 	C:\Windows\SYSTEM32\Wldp.dll
0x00007ff9ab7f0000 - 0x00007ff9ab89d000 	C:\Windows\System32\SHCORE.dll
0x00007ff9a9f80000 - 0x00007ff9a9fd5000 	C:\Windows\System32\shlwapi.dll
0x00007ff9a9310000 - 0x00007ff9a932f000 	C:\Windows\SYSTEM32\profapi.dll
0x00007ff9844e0000 - 0x00007ff9844f3000 	C:\Program Files\Java\jdk-19\bin\net.dll
0x00007ff9a3c60000 - 0x00007ff9a3d6c000 	C:\Windows\SYSTEM32\WINHTTP.dll
0x00007ff9a8b90000 - 0x00007ff9a8bfa000 	C:\Windows\system32\mswsock.dll
0x00007ff983490000 - 0x00007ff9834a6000 	C:\Program Files\Java\jdk-19\bin\nio.dll
0x00007ff9831c0000 - 0x00007ff9831d8000 	C:\Program Files\Java\jdk-19\bin\zip.dll
0x00007ff9871d0000 - 0x00007ff9871e0000 	C:\Program Files\Java\jdk-19\bin\verify.dll
0x00007ff981fe0000 - 0x00007ff982044000 	C:\Users\atomc\AppData\Local\Temp\lwjglatomc\3.3.1-SNAPSHOT\lwjgl.dll
0x00007ff974410000 - 0x00007ff974471000 	C:\Users\atomc\AppData\Local\Temp\lwjglatomc\3.3.1-SNAPSHOT\glfw.dll
0x00007ff9834e0000 - 0x00007ff983525000 	C:\Windows\SYSTEM32\dinput8.dll
0x00007ff999e00000 - 0x00007ff999e11000 	C:\Windows\SYSTEM32\xinput1_4.dll
0x00007ff9a96e0000 - 0x00007ff9a972e000 	C:\Windows\System32\cfgmgr32.dll
0x00007ff9a9180000 - 0x00007ff9a91ac000 	C:\Windows\SYSTEM32\DEVOBJ.dll
0x00007ff9a6af0000 - 0x00007ff9a6b1f000 	C:\Windows\SYSTEM32\dwmapi.dll
0x00007ff999830000 - 0x00007ff999982000 	C:\Windows\SYSTEM32\inputhost.dll
0x00007ff9ab720000 - 0x00007ff9ab7ed000 	C:\Windows\System32\OLEAUT32.dll
0x00007ff9a50e0000 - 0x00007ff9a51d2000 	C:\Windows\SYSTEM32\CoreMessaging.dll
0x00007ff9a6ff0000 - 0x00007ff9a70e6000 	C:\Windows\SYSTEM32\PROPSYS.dll
0x00007ff9a5b60000 - 0x00007ff9a5cb4000 	C:\Windows\SYSTEM32\wintypes.dll
0x00007ff9a56b0000 - 0x00007ff9a5a0e000 	C:\Windows\SYSTEM32\CoreUIComponents.dll
0x00007ff9a8580000 - 0x00007ff9a85b3000 	C:\Windows\SYSTEM32\ntmarta.dll
0x00007ff9a63c0000 - 0x00007ff9a645e000 	C:\Windows\system32\uxtheme.dll
0x00007ff9aa370000 - 0x00007ff9aa485000 	C:\Windows\System32\MSCTF.dll
0x00007ff9394a0000 - 0x00007ff9395c5000 	C:\Windows\SYSTEM32\opengl32.dll
0x00007ff939140000 - 0x00007ff93916c000 	C:\Windows\SYSTEM32\GLU32.dll
0x00007ff9aafd0000 - 0x00007ff9ab07f000 	C:\Windows\System32\clbcatq.dll
0x00007ff983200000 - 0x00007ff98322c000 	C:\Windows\System32\DriverStore\FileRepository\u0370468.inf_amd64_5e4260b11257b6e9\B370372\atig6pxx.dll
0x00007ff8decf0000 - 0x00007ff8e1b33000 	C:\Windows\System32\DriverStore\FileRepository\u0370468.inf_amd64_5e4260b11257b6e9\B370372\atio6axx.dll
0x00007ff9ab240000 - 0x00007ff9ab6a8000 	C:\Windows\System32\SETUPAPI.dll
0x00007ff9a96b0000 - 0x00007ff9a96d7000 	C:\Windows\System32\bcrypt.dll
0x00007ff999ea0000 - 0x00007ff999ec4000 	C:\Windows\SYSTEM32\dxva2.dll
0x00007ff9ab0b0000 - 0x00007ff9ab1da000 	C:\Windows\System32\ole32.dll
0x00007ff981ee0000 - 0x00007ff981f1f000 	C:\Windows\System32\DriverStore\FileRepository\u0370468.inf_amd64_5e4260b11257b6e9\B370372\atig6txx.dll
0x00007ff960030000 - 0x00007ff9601fc000 	C:\Windows\SYSTEM32\atiadlxx.dll
0x00007ff9aae10000 - 0x00007ff9aae18000 	C:\Windows\System32\PSAPI.DLL
0x00007ff985390000 - 0x00007ff9853d9000 	C:\Windows\SYSTEM32\pdh.dll
0x00007ff9a9c00000 - 0x00007ff9a9c6a000 	C:\Windows\System32\WINTRUST.dll
0x00007ff9a9830000 - 0x00007ff9a9986000 	C:\Windows\System32\CRYPT32.dll
0x00007ff9a8fc0000 - 0x00007ff9a8fd2000 	C:\Windows\SYSTEM32\MSASN1.dll
0x00007ff99e4d0000 - 0x00007ff99e50b000 	C:\Windows\SYSTEM32\dxcore.dll
0x00007ff999990000 - 0x00007ff999a89000 	C:\Windows\SYSTEM32\textinputframework.dll
0x00007ff981c90000 - 0x00007ff981ced000 	C:\Users\atomc\AppData\Local\Temp\lwjglatomc\3.3.1-SNAPSHOT\lwjgl_opengl.dll

dbghelp: loaded successfully - version: 4.0.5 - missing functions: none
symbol engine: initialized successfully - sym options: 0x614 - pdb path: .;C:\Program Files\Java\jdk-19\bin;C:\Windows\SYSTEM32;C:\Windows\WinSxS\amd64_microsoft.windows.common-controls_6595b64144ccf1df_6.0.19041.1110_none_60b5254171f9507e;C:\Program Files\Java\jdk-19\bin\server;C:\Users\atomc\AppData\Local\Temp\lwjglatomc\3.3.1-SNAPSHOT;C:\Windows\System32\DriverStore\FileRepository\u0370468.inf_amd64_5e4260b11257b6e9\B370372

VM Arguments:
java_command: Mango.jar
java_class_path (initial): Mango.jar
Launcher Type: SUN_STANDARD

[Global flags]
     intx CICompilerCount                          = 12                                        {product} {ergonomic}
     uint ConcGCThreads                            = 3                                         {product} {ergonomic}
     uint G1ConcRefinementThreads                  = 13                                        {product} {ergonomic}
   size_t G1HeapRegionSize                         = 4194304                                   {product} {ergonomic}
    uintx GCDrainStackTargetSize                   = 64                                        {product} {ergonomic}
   size_t InitialHeapSize                          = 394264576                                 {product} {ergonomic}
   size_t MarkStackSize                            = 4194304                                   {product} {ergonomic}
   size_t MaxHeapSize                              = 6287261696                                {product} {ergonomic}
   size_t MaxNewSize                               = 3770679296                                {product} {ergonomic}
   size_t MinHeapDeltaBytes                        = 4194304                                   {product} {ergonomic}
   size_t MinHeapSize                              = 8388608                                   {product} {ergonomic}
    uintx NonNMethodCodeHeapSize                   = 7602480                                {pd product} {ergonomic}
    uintx NonProfiledCodeHeapSize                  = 122027880                              {pd product} {ergonomic}
    uintx ProfiledCodeHeapSize                     = 122027880                              {pd product} {ergonomic}
    uintx ReservedCodeCacheSize                    = 251658240                              {pd product} {ergonomic}
     bool SegmentedCodeCache                       = true                                      {product} {ergonomic}
   size_t SoftMaxHeapSize                          = 6287261696                             {manageable} {ergonomic}
     bool UseCompressedClassPointers               = true                           {product lp64_product} {ergonomic}
     bool UseCompressedOops                        = true                           {product lp64_product} {ergonomic}
     bool UseG1GC                                  = true                                      {product} {ergonomic}
     bool UseLargePagesIndividualAllocation        = false                                  {pd product} {ergonomic}

Logging:
Log output configuration:
 #0: stdout all=warning uptime,level,tags foldmultilines=false
 #1: stderr all=off uptime,level,tags foldmultilines=false

Environment Variables:
PATH=C:\Program Files\Common Files\Oracle\Java\javapath;C:\VulkanSDK\1.3.224.1\Bin;C:\Windows\system32;C:\Windows;C:\Windows\System32\Wbem;C:\Windows\System32\WindowsPowerShell\v1.0\;C:\Windows\System32\OpenSSH\;C:\Program Files (x86)\NVIDIA Corporation\PhysX\Common;C:\Program Files\NVIDIA Corporation\NVIDIA NvDLISR;C:\Program Files\Microsoft SQL Server\150\Tools\Binn\;C:\Program Files\Microsoft SQL Server\Client SDK\ODBC\170\Tools\Binn\;C:\Program Files\dotnet\;C:\Program Files\jdk-18.0.2.1;C:\Program Files\Git\cmd;C:\Program Files\Amazon\AWSCLIV2\;C:\ProgramData\chocolatey\bin;C:\Users\atomc\.cargo\bin;C:\Users\atomc\scoop\apps\python\current\Scripts;C:\Users\atomc\scoop\apps\python\current;C:\Users\atomc\scoop\apps\gcc\current\bin;C:\Users\atomc\scoop\shims;C:\Users\atomc\AppData\Local\Microsoft\WindowsApps;C:\Users\atomc\.dotnet\tools;C:\Users\atomc\AppData\Local\JetBrains\Toolbox\scripts;C:\Users\atomc\AppData\Local\Programs\Microsoft VS Code\bin;C:\Program Files\qemu;C:\Users\atomc\AppData\Local\bin\NASM;C:\Program Files (x86)\Windows Kits\10\Assessment and Deployment Kit\Deployment Tools\amd64\Oscdimg
USERNAME=atomc
OS=Windows_NT
PROCESSOR_IDENTIFIER=AMD64 Family 25 Model 80 Stepping 0, AuthenticAMD
TMP=C:\Users\atomc\AppData\Local\Temp
TEMP=C:\Users\atomc\AppData\Local\Temp



---------------  S Y S T E M  ---------------

OS:
 Windows 10 , 64 bit Build 19041 (10.0.19041.2251)
OS uptime: 3 days 8:13 hours

CPU: total 16 (initial active 16) (16 cores per cpu, 2 threads per core) family 25 model 80 stepping 0 microcode 0x0, cx8, cmov, fxsr, ht, mmx, 3dnowpref, sse, sse2, sse3, ssse3, sse4a, sse4.1, sse4.2, popcnt, lzcnt, tsc, tscinvbit, avx, avx2, aes, erms, clmul, bmi1, bmi2, adx, sha, fma, vzeroupper, clflush, clflushopt, rdtscp, rdpid, fsrm

Memory: 4k page, system-wide physical 23968M (9152M free)
TotalPageFile size 56736M (AvailPageFile size 35211M)
current process WorkingSet (physical memory assigned to process): 78M, peak: 78M
current process commit charge ("private bytes"): 577M, peak: 577M

vm_info: Java HotSpot(TM) 64-Bit Server VM (19+36-2238) for windows-amd64 JRE (19+36-2238), built on 2022-08-12T20:29:01Z by "mach5one" with MS VC++ 17.1 (VS2022)

END.
